<?xml version="1.0" encoding="UTF-8"?>
<<<<<<< HEAD
<testsuite xmlns:xsi="http://www.w3.org/2001/XMLSchema-instance" xsi:noNamespaceSchemaLocation="https://maven.apache.org/surefire/maven-surefire-plugin/xsd/surefire-test-report-3.0.xsd" version="3.0" name="edu.eci.cvds.tdd.library.LibraryTest" time="0.049" tests="7" errors="0" skipped="0" failures="0">
=======
<testsuite xmlns:xsi="http://www.w3.org/2001/XMLSchema-instance" xsi:noNamespaceSchemaLocation="https://maven.apache.org/surefire/maven-surefire-plugin/xsd/surefire-test-report-3.0.xsd" version="3.0" name="edu.eci.cvds.tdd.library.LibraryTest" time="0.101" tests="7" errors="0" skipped="0" failures="0">
>>>>>>> 9bbd7413132abea08b6a9c61cb912bd44f45faef
  <properties>
    <property name="java.specification.version" value="17"/>
    <property name="sun.cpu.isalist" value="amd64"/>
    <property name="sun.jnu.encoding" value="Cp1252"/>
    <property name="java.class.path" value="C:\Users\angel\OneDrive\Documentos\CVDS 25-1\LAB-03-CVDS-2025-1\Library\target\test-classes;C:\Users\angel\OneDrive\Documentos\CVDS 25-1\LAB-03-CVDS-2025-1\Library\target\classes;C:\Users\angel\.m2\repository\junit\junit\4.13.2\junit-4.13.2.jar;C:\Users\angel\.m2\repository\org\hamcrest\hamcrest-core\1.3\hamcrest-core-1.3.jar;"/>
    <property name="java.vm.vendor" value="Oracle Corporation"/>
    <property name="sun.arch.data.model" value="64"/>
    <property name="user.variant" value=""/>
    <property name="java.vendor.url" value="https://java.oracle.com/"/>
    <property name="user.timezone" value="America/Bogota"/>
    <property name="os.name" value="Windows 11"/>
    <property name="java.vm.specification.version" value="17"/>
    <property name="sun.java.launcher" value="SUN_STANDARD"/>
    <property name="user.country" value="CO"/>
<<<<<<< HEAD
    <property name="sun.boot.library.path" value="C:\Program Files\Eclipse Adoptium\jdk-21.0.5.11-hotspot\bin"/>
    <property name="sun.java.command" value="C:\Users\jeiss\AppData\Local\Temp\surefire5846482190154022413\surefirebooter-20250213214514140_3.jar C:\Users\jeiss\AppData\Local\Temp\surefire5846482190154022413 2025-02-13T21-45-14_041-jvmRun1 surefire-20250213214514140_1tmp surefire_0-20250213214514140_2tmp"/>
=======
    <property name="sun.boot.library.path" value="C:\Program Files\Java\jdk-17\bin"/>
    <property name="sun.java.command" value="C:\Users\angel\AppData\Local\Temp\surefire4461072153348372784\surefirebooter-20250213205438819_3.jar C:\Users\angel\AppData\Local\Temp\surefire4461072153348372784 2025-02-13T20-54-38_344-jvmRun1 surefire-20250213205438819_1tmp surefire_0-20250213205438819_2tmp"/>
>>>>>>> 9bbd7413132abea08b6a9c61cb912bd44f45faef
    <property name="jdk.debug" value="release"/>
    <property name="surefire.test.class.path" value="C:\Users\angel\OneDrive\Documentos\CVDS 25-1\LAB-03-CVDS-2025-1\Library\target\test-classes;C:\Users\angel\OneDrive\Documentos\CVDS 25-1\LAB-03-CVDS-2025-1\Library\target\classes;C:\Users\angel\.m2\repository\junit\junit\4.13.2\junit-4.13.2.jar;C:\Users\angel\.m2\repository\org\hamcrest\hamcrest-core\1.3\hamcrest-core-1.3.jar;"/>
    <property name="sun.cpu.endian" value="little"/>
    <property name="user.home" value="C:\Users\angel"/>
    <property name="user.language" value="es"/>
    <property name="java.specification.vendor" value="Oracle Corporation"/>
    <property name="java.version.date" value="2024-01-16"/>
    <property name="java.home" value="C:\Program Files\Java\jdk-17"/>
    <property name="file.separator" value="\"/>
    <property name="basedir" value="C:\Users\angel\OneDrive\Documentos\CVDS 25-1\LAB-03-CVDS-2025-1\Library"/>
    <property name="java.vm.compressedOopsMode" value="32-bit"/>
    <property name="line.separator" value="&#10;"/>
    <property name="java.vm.specification.vendor" value="Oracle Corporation"/>
    <property name="java.specification.name" value="Java Platform API Specification"/>
<<<<<<< HEAD
    <property name="surefire.real.class.path" value="C:\Users\jeiss\AppData\Local\Temp\surefire5846482190154022413\surefirebooter-20250213214514140_3.jar"/>
=======
    <property name="surefire.real.class.path" value="C:\Users\angel\AppData\Local\Temp\surefire4461072153348372784\surefirebooter-20250213205438819_3.jar"/>
>>>>>>> 9bbd7413132abea08b6a9c61cb912bd44f45faef
    <property name="user.script" value=""/>
    <property name="sun.management.compiler" value="HotSpot 64-Bit Tiered Compilers"/>
    <property name="java.runtime.version" value="17.0.10+11-LTS-240"/>
    <property name="user.name" value="angel"/>
    <property name="path.separator" value=";"/>
    <property name="os.version" value="10.0"/>
<<<<<<< HEAD
    <property name="java.runtime.name" value="OpenJDK Runtime Environment"/>
    <property name="file.encoding" value="UTF-8"/>
    <property name="java.vm.name" value="OpenJDK 64-Bit Server VM"/>
    <property name="java.vendor.version" value="Temurin-21.0.5+11"/>
    <property name="localRepository" value="C:\Users\jeiss\.m2\repository"/>
    <property name="java.vendor.url.bug" value="https://github.com/adoptium/adoptium-support/issues"/>
    <property name="java.io.tmpdir" value="C:\Users\jeiss\AppData\Local\Temp\"/>
    <property name="sonar.token" value="squ_83b165c68278f9ed5ccf5eda9e0604e553dc46e3"/>
    <property name="java.version" value="21.0.5"/>
    <property name="user.dir" value="C:\Users\jeiss\Downloads\LAB 03 CVDS\Library"/>
=======
    <property name="java.runtime.name" value="Java(TM) SE Runtime Environment"/>
    <property name="file.encoding" value="Cp1252"/>
    <property name="java.vm.name" value="Java HotSpot(TM) 64-Bit Server VM"/>
    <property name="localRepository" value="C:\Users\angel\.m2\repository"/>
    <property name="java.vendor.url.bug" value="https://bugreport.java.com/bugreport/"/>
    <property name="java.io.tmpdir" value="C:\Users\angel\AppData\Local\Temp\"/>
    <property name="java.version" value="17.0.10"/>
    <property name="user.dir" value="C:\Users\angel\OneDrive\Documentos\CVDS 25-1\LAB-03-CVDS-2025-1\Library"/>
>>>>>>> 9bbd7413132abea08b6a9c61cb912bd44f45faef
    <property name="os.arch" value="amd64"/>
    <property name="java.vm.specification.name" value="Java Virtual Machine Specification"/>
    <property name="sun.os.patch.level" value=""/>
    <property name="native.encoding" value="Cp1252"/>
<<<<<<< HEAD
    <property name="java.library.path" value="C:\Program Files\Eclipse Adoptium\jdk-21.0.5.11-hotspot\bin;C:\WINDOWS\Sun\Java\bin;C:\WINDOWS\system32;C:\WINDOWS;C:\Program Files\Eclipse Adoptium\jdk-21.0.5.11-hotspot\bin;C:\app\jeiss\product\21c\dbhomeXE\bin;C:\Program Files\Common Files\Oracle\Java\javapath;C:\Program Files (x86)\Common Files\Oracle\Java\java8path;C:\Program Files (x86)\Common Files\Oracle\Java\javapath;C:\WINDOWS\system32;C:\WINDOWS;C:\WINDOWS\System32\Wbem;C:\WINDOWS\System32\WindowsPowerShell\v1.0\;C:\WINDOWS\System32\OpenSSH\;C:\Program Files\PuTTY\;C:\Program Files\Git\cmd;C:\apache-maven-3.9.9\bin;;C:\Program Files\Docker\Docker\resources\bin;C:\Users\jeiss\AppData\Local\Microsoft\WindowsApps;C:\Users\jeiss\AppData\Local\Programs\Microsoft VS Code\bin;C:\Users\jeiss\AppData\Local\GitHubDesktop\bin;."/>
=======
    <property name="java.library.path" value="C:\Program Files\Java\jdk-17\bin;C:\WINDOWS\Sun\Java\bin;C:\WINDOWS\system32;C:\WINDOWS;C:\Program Files (x86)\VMware\VMware Workstation\bin\;C:\Program Files\Common Files\Oracle\Java\javapath;C:\Program Files (x86)\Common Files\Oracle\Java\javapath;C:\Windows\system32;C:\Windows;C:\Windows\System32\Wbem;C:\Windows\System32\WindowsPowerShell\v1.0\;C:\Windows\System32\OpenSSH\;C:\Program Files (x86)\NVIDIA Corporation\PhysX\Common;C:\Program Files\NVIDIA Corporation\NVIDIA NvDLISR;C:\WINDOWS\system32;C:\WINDOWS;C:\WINDOWS\System32\Wbem;C:\WINDOWS\System32\WindowsPowerShell\v1.0\;C:\WINDOWS\System32\OpenSSH\;C:\Program Files\dotnet\;C:\Program Files\PuTTY\;C:\Program Files (x86)\dotnet\;C:\Program Files\Maven\apache-maven-3.9.0\bin;%JAVA_HOME%\bin;C:\Program Files\Git\cmd;C:\MAVEN\apache-maven-3.9.9\bin;C:\Users\angel\AppData\Local\Microsoft\WindowsApps;;C:\Users\angel\AppData\Local\Programs\Microsoft VS Code\bin;."/>
>>>>>>> 9bbd7413132abea08b6a9c61cb912bd44f45faef
    <property name="java.vm.info" value="mixed mode, sharing"/>
    <property name="java.vendor" value="Oracle Corporation"/>
    <property name="java.vm.version" value="17.0.10+11-LTS-240"/>
    <property name="sun.io.unicode.encoding" value="UnicodeLittle"/>
    <property name="java.class.version" value="61.0"/>
  </properties>
<<<<<<< HEAD
  <testcase name="testLoanSuccessful" classname="edu.eci.cvds.tdd.library.LibraryTest" time="0.014"/>
  <testcase name="testAddNewBook" classname="edu.eci.cvds.tdd.library.LibraryTest" time="0.0"/>
  <testcase name="testAddExistingBookIncreasesCount" classname="edu.eci.cvds.tdd.library.LibraryTest" time="0.0"/>
  <testcase name="testLoanFailsUserDoesNotExist" classname="edu.eci.cvds.tdd.library.LibraryTest" time="0.0"/>
  <testcase name="testLoanFailsBookUnavailable" classname="edu.eci.cvds.tdd.library.LibraryTest" time="0.0"/>
  <testcase name="testAddNullBookReturnsFalse" classname="edu.eci.cvds.tdd.library.LibraryTest" time="0.0"/>
  <testcase name="testLoanFailsDuplicateLoan" classname="edu.eci.cvds.tdd.library.LibraryTest" time="0.0"/>
=======
  <testcase name="testLoanSuccessful" classname="edu.eci.cvds.tdd.library.LibraryTest" time="0.019"/>
  <testcase name="testAddNewBook" classname="edu.eci.cvds.tdd.library.LibraryTest" time="0"/>
  <testcase name="testAddExistingBookIncreasesCount" classname="edu.eci.cvds.tdd.library.LibraryTest" time="0"/>
  <testcase name="testLoanFailsUserDoesNotExist" classname="edu.eci.cvds.tdd.library.LibraryTest" time="0.001"/>
  <testcase name="testLoanFailsBookUnavailable" classname="edu.eci.cvds.tdd.library.LibraryTest" time="0"/>
  <testcase name="testAddNullBookReturnsFalse" classname="edu.eci.cvds.tdd.library.LibraryTest" time="0"/>
  <testcase name="testLoanFailsDuplicateLoan" classname="edu.eci.cvds.tdd.library.LibraryTest" time="0"/>
>>>>>>> 9bbd7413132abea08b6a9c61cb912bd44f45faef
</testsuite>